# JRE version: OpenJDK Runtime Environment Temurin-17.0.7+7 (17.0.7+7) (build 17.0.7+7)
# Java VM: OpenJDK 64-Bit Server VM Temurin-17.0.7+7 (17.0.7+7, mixed mode, sharing, tiered, compressed oops, compressed class ptrs, g1 gc, windows-amd64)
GC Precious Log:
 CPUs: 16 total, 16 available
 Memory: 32608M
 Large Page Support: Disabled
 NUMA Support: Disabled
 Compressed Oops: Enabled (32-bit)
 Heap Region Size: 1M
 Heap Min Capacity: 8M
 Heap Initial Capacity: 510M
 Heap Max Capacity: 1536M
 Pre-touch: Disabled
 Parallel Workers: 13
 Concurrent Workers: 3
 Concurrent Refinement Workers: 13
 Periodic GC: Disabled
Heap:
 garbage-first heap   total 198656K, used 97967K [0x00000000a0000000, 0x0000000100000000)
  region size 1024K, 33 young (33792K), 9 survivors (9216K)
 Metaspace       used 70477K, committed 71296K, reserved 1114112K
  class space    used 9761K, committed 10112K, reserved 1048576K
GC Heap History (20 events):
Event: 10.670 GC heap before
{Heap before GC invocations=11 (full 0):
 garbage-first heap   total 81920K, used 63358K [0x00000000a0000000, 0x0000000100000000)
  region size 1024K, 29 young (29696K), 3 survivors (3072K)
 Metaspace       used 42475K, committed 43008K, reserved 1114112K
  class space    used 5846K, committed 6080K, reserved 1048576K
}
Event: 10.674 GC heap after
{Heap after GC invocations=12 (full 0):
 garbage-first heap   total 81920K, used 39283K [0x00000000a0000000, 0x0000000100000000)
  region size 1024K, 3 young (3072K), 3 survivors (3072K)
 Metaspace       used 42475K, committed 43008K, reserved 1114112K
  class space    used 5846K, committed 6080K, reserved 1048576K
}
Event: 11.092 GC heap before
{Heap before GC invocations=12 (full 0):
 garbage-first heap   total 81920K, used 55667K [0x00000000a0000000, 0x0000000100000000)
  region size 1024K, 21 young (21504K), 3 survivors (3072K)
 Metaspace       used 42896K, committed 43456K, reserved 1114112K
  class space    used 5882K, committed 6144K, reserved 1048576K
}
Event: 11.097 GC heap after
{Heap after GC invocations=13 (full 0):
 garbage-first heap   total 81920K, used 40231K [0x00000000a0000000, 0x0000000100000000)
  region size 1024K, 3 young (3072K), 3 survivors (3072K)
 Metaspace       used 42896K, committed 43456K, reserved 1114112K
  class space    used 5882K, committed 6144K, reserved 1048576K
}
Event: 11.846 GC heap before
{Heap before GC invocations=14 (full 0):
 garbage-first heap   total 81920K, used 71975K [0x00000000a0000000, 0x0000000100000000)
  region size 1024K, 27 young (27648K), 3 survivors (3072K)
 Metaspace       used 44021K, committed 44608K, reserved 1114112K
  class space    used 6098K, committed 6400K, reserved 1048576K
}
Event: 11.850 GC heap after
{Heap after GC invocations=15 (full 0):
 garbage-first heap   total 86016K, used 55767K [0x00000000a0000000, 0x0000000100000000)
  region size 1024K, 4 young (4096K), 4 survivors (4096K)
 Metaspace       used 44021K, committed 44608K, reserved 1114112K
  class space    used 6098K, committed 6400K, reserved 1048576K
}
Event: 11.852 GC heap before
{Heap before GC invocations=15 (full 0):
 garbage-first heap   total 86016K, used 56791K [0x00000000a0000000, 0x0000000100000000)
  region size 1024K, 5 young (5120K), 4 survivors (4096K)
 Metaspace       used 44021K, committed 44608K, reserved 1114112K
  class space    used 6098K, committed 6400K, reserved 1048576K
}
Event: 11.854 GC heap after
{Heap after GC invocations=16 (full 0):
 garbage-first heap   total 86016K, used 55557K [0x00000000a0000000, 0x0000000100000000)
  region size 1024K, 1 young (1024K), 1 survivors (1024K)
 Metaspace       used 44021K, committed 44608K, reserved 1114112K
  class space    used 6098K, committed 6400K, reserved 1048576K
}
Event: 12.274 GC heap before
{Heap before GC invocations=16 (full 0):
 garbage-first heap   total 86016K, used 70917K [0x00000000a0000000, 0x0000000100000000)
  region size 1024K, 16 young (16384K), 1 survivors (1024K)
 Metaspace       used 45149K, committed 45824K, reserved 1114112K
  class space    used 6292K, committed 6592K, reserved 1048576K
}
Event: 12.280 GC heap after
{Heap after GC invocations=17 (full 0):
 garbage-first heap   total 304128K, used 56021K [0x00000000a0000000, 0x0000000100000000)
  region size 1024K, 1 young (1024K), 1 survivors (1024K)
 Metaspace       used 45149K, committed 45824K, reserved 1114112K
  class space    used 6292K, committed 6592K, reserved 1048576K
}
Event: 14.724 GC heap before
{Heap before GC invocations=18 (full 0):
 garbage-first heap   total 198656K, used 156373K [0x00000000a0000000, 0x0000000100000000)
  region size 1024K, 100 young (102400K), 1 survivors (1024K)
 Metaspace       used 55339K, committed 56000K, reserved 1114112K
  class space    used 7781K, committed 8064K, reserved 1048576K
}
Event: 14.736 GC heap after
{Heap after GC invocations=19 (full 0):
 garbage-first heap   total 198656K, used 60818K [0x00000000a0000000, 0x0000000100000000)
  region size 1024K, 6 young (6144K), 6 survivors (6144K)
 Metaspace       used 55339K, committed 56000K, reserved 1114112K
  class space    used 7781K, committed 8064K, reserved 1048576K
}
Event: 14.916 GC heap before
{Heap before GC invocations=19 (full 0):
 garbage-first heap   total 198656K, used 63890K [0x00000000a0000000, 0x0000000100000000)
  region size 1024K, 9 young (9216K), 6 survivors (6144K)
 Metaspace       used 55683K, committed 56448K, reserved 1114112K
  class space    used 7848K, committed 8192K, reserved 1048576K
}
Event: 14.920 GC heap after
{Heap after GC invocations=20 (full 0):
 garbage-first heap   total 198656K, used 61452K [0x00000000a0000000, 0x0000000100000000)
  region size 1024K, 1 young (1024K), 1 survivors (1024K)
 Metaspace       used 55683K, committed 56448K, reserved 1114112K
  class space    used 7848K, committed 8192K, reserved 1048576K
}
Event: 16.769 GC heap before
{Heap before GC invocations=20 (full 0):
 garbage-first heap   total 198656K, used 137228K [0x00000000a0000000, 0x0000000100000000)
  region size 1024K, 71 young (72704K), 1 survivors (1024K)
 Metaspace       used 63391K, committed 64128K, reserved 1114112K
  class space    used 8855K, committed 9216K, reserved 1048576K
}
Event: 16.773 GC heap after
{Heap after GC invocations=21 (full 0):
 garbage-first heap   total 198656K, used 68865K [0x00000000a0000000, 0x0000000100000000)
  region size 1024K, 6 young (6144K), 6 survivors (6144K)
 Metaspace       used 63391K, committed 64128K, reserved 1114112K
  class space    used 8855K, committed 9216K, reserved 1048576K
}
Event: 18.350 GC heap before
{Heap before GC invocations=21 (full 0):
 garbage-first heap   total 198656K, used 141569K [0x00000000a0000000, 0x0000000100000000)
  region size 1024K, 75 young (76800K), 6 survivors (6144K)
 Metaspace       used 68848K, committed 69568K, reserved 1114112K
  class space    used 9543K, committed 9856K, reserved 1048576K
}
Event: 18.355 GC heap after
{Heap after GC invocations=22 (full 0):
 garbage-first heap   total 198656K, used 69322K [0x00000000a0000000, 0x0000000100000000)
  region size 1024K, 9 young (9216K), 9 survivors (9216K)
 Metaspace       used 68848K, committed 69568K, reserved 1114112K
  class space    used 9543K, committed 9856K, reserved 1048576K
}
Event: 19.516 GC heap before
{Heap before GC invocations=22 (full 0):
 garbage-first heap   total 198656K, used 144074K [0x00000000a0000000, 0x0000000100000000)
  region size 1024K, 82 young (83968K), 9 survivors (9216K)
 Metaspace       used 70111K, committed 70912K, reserved 1114112K
  class space    used 9722K, committed 10112K, reserved 1048576K
}
Event: 19.522 GC heap after
{Heap after GC invocations=23 (full 0):
 garbage-first heap   total 198656K, used 74415K [0x00000000a0000000, 0x0000000100000000)
  region size 1024K, 9 young (9216K), 9 survivors (9216K)
 Metaspace       used 70111K, committed 70912K, reserved 1114112K
  class space    used 9722K, committed 10112K, reserved 1048576K
}

